2010-12-02 16:27:10,662 INFO org.apache.hadoop.mapred.JobTracker: STARTUP_MSG: 
/************************************************************
STARTUP_MSG: Starting JobTracker
STARTUP_MSG:   host = wl-10-180-136-43.wireless.duke.local/10.180.136.43
STARTUP_MSG:   args = []
STARTUP_MSG:   version = 0.20.2
STARTUP_MSG:   build = https://svn.apache.org/repos/asf/hadoop/common/branches/branch-0.20 -r 911707; compiled by 'chrisdo' on Fri Feb 19 08:07:34 UTC 2010
************************************************************/
2010-12-02 16:27:10,851 INFO org.apache.hadoop.mapred.JobTracker: Scheduler configured with (memSizeForMapSlotOnJT, memSizeForReduceSlotOnJT, limitMaxMemForMapTasks, limitMaxMemForReduceTasks) (-1, -1, -1, -1)
2010-12-02 16:27:10,911 FATAL org.apache.hadoop.mapred.JobTracker: java.lang.RuntimeException: Not a host:port pair: local
	at org.apache.hadoop.net.NetUtils.createSocketAddr(NetUtils.java:136)
	at org.apache.hadoop.net.NetUtils.createSocketAddr(NetUtils.java:123)
	at org.apache.hadoop.mapred.JobTracker.getAddress(JobTracker.java:1807)
	at org.apache.hadoop.mapred.JobTracker.<init>(JobTracker.java:1579)
	at org.apache.hadoop.mapred.JobTracker.startTracker(JobTracker.java:183)
	at org.apache.hadoop.mapred.JobTracker.startTracker(JobTracker.java:175)
	at org.apache.hadoop.mapred.JobTracker.main(JobTracker.java:3702)

2010-12-02 16:27:10,912 INFO org.apache.hadoop.mapred.JobTracker: SHUTDOWN_MSG: 
/************************************************************
SHUTDOWN_MSG: Shutting down JobTracker at wl-10-180-136-43.wireless.duke.local/10.180.136.43
************************************************************/
2010-12-02 17:40:44,513 INFO org.apache.hadoop.mapred.JobTracker: STARTUP_MSG: 
/************************************************************
STARTUP_MSG: Starting JobTracker
STARTUP_MSG:   host = wl-10-180-136-43.wireless.duke.local/10.180.136.43
STARTUP_MSG:   args = []
STARTUP_MSG:   version = 0.20.2
STARTUP_MSG:   build = https://svn.apache.org/repos/asf/hadoop/common/branches/branch-0.20 -r 911707; compiled by 'chrisdo' on Fri Feb 19 08:07:34 UTC 2010
************************************************************/
2010-12-02 17:40:44,608 INFO org.apache.hadoop.mapred.JobTracker: Scheduler configured with (memSizeForMapSlotOnJT, memSizeForReduceSlotOnJT, limitMaxMemForMapTasks, limitMaxMemForReduceTasks) (-1, -1, -1, -1)
2010-12-02 17:40:44,624 FATAL org.apache.hadoop.mapred.JobTracker: java.lang.RuntimeException: Not a host:port pair: local
	at org.apache.hadoop.net.NetUtils.createSocketAddr(NetUtils.java:136)
	at org.apache.hadoop.net.NetUtils.createSocketAddr(NetUtils.java:123)
	at org.apache.hadoop.mapred.JobTracker.getAddress(JobTracker.java:1807)
	at org.apache.hadoop.mapred.JobTracker.<init>(JobTracker.java:1579)
	at org.apache.hadoop.mapred.JobTracker.startTracker(JobTracker.java:183)
	at org.apache.hadoop.mapred.JobTracker.startTracker(JobTracker.java:175)
	at org.apache.hadoop.mapred.JobTracker.main(JobTracker.java:3702)

2010-12-02 17:40:44,625 INFO org.apache.hadoop.mapred.JobTracker: SHUTDOWN_MSG: 
/************************************************************
SHUTDOWN_MSG: Shutting down JobTracker at wl-10-180-136-43.wireless.duke.local/10.180.136.43
************************************************************/
